[INFO] Scanning for projects...
[INFO] 
[INFO] -------------------< com.cookmate:cookmate-backend >--------------------
[INFO] Building cookmate-backend 0.0.1-SNAPSHOT
[INFO] --------------------------------[ jar ]---------------------------------
[INFO] 
[INFO] >>> spring-boot-maven-plugin:3.1.5:run (default-cli) > test-compile @ cookmate-backend >>>
[INFO] 
[INFO] --- maven-resources-plugin:3.3.1:resources (default-resources) @ cookmate-backend ---
[INFO] Copying 1 resource from src/main/resources to target/classes
[INFO] Copying 1 resource from src/main/resources to target/classes
[INFO] 
[INFO] --- maven-compiler-plugin:3.11.0:compile (default-compile) @ cookmate-backend ---
[INFO] Nothing to compile - all classes are up to date
[INFO] 
[INFO] --- maven-resources-plugin:3.3.1:testResources (default-testResources) @ cookmate-backend ---
[INFO] skip non existing resourceDirectory /Users/apple/Documents/GitHub/cookmate-backend/src/test/resources
[INFO] 
[INFO] --- maven-compiler-plugin:3.11.0:testCompile (default-testCompile) @ cookmate-backend ---
[INFO] Nothing to compile - all classes are up to date
[INFO] 
[INFO] <<< spring-boot-maven-plugin:3.1.5:run (default-cli) < test-compile @ cookmate-backend <<<
[INFO] 
[INFO] 
[INFO] --- spring-boot-maven-plugin:3.1.5:run (default-cli) @ cookmate-backend ---
[INFO] Attaching agents: []

  .   ____          _            __ _ _
 /\\ / ___'_ __ _ _(_)_ __  __ _ \ \ \ \
( ( )\___ | '_ | '_| | '_ \/ _` | \ \ \ \
 \\/  ___)| |_)| | | | | || (_| |  ) ) ) )
  '  |____| .__|_| |_|_| |_\__, | / / / /
 =========|_|==============|___/=/_/_/_/
 :: Spring Boot ::                (v3.1.5)

2025-11-08T08:57:37.194-06:00  INFO 28436 --- [  restartedMain] c.c.backend.CookmateBackendApplication   : Starting CookmateBackendApplication using Java 19.0.1 with PID 28436 (/Users/apple/Documents/GitHub/cookmate-backend/target/classes started by apple in /Users/apple/Documents/GitHub/cookmate-backend)
2025-11-08T08:57:37.195-06:00 DEBUG 28436 --- [  restartedMain] c.c.backend.CookmateBackendApplication   : Running with Spring Boot v3.1.5, Spring v6.0.13
2025-11-08T08:57:37.195-06:00  INFO 28436 --- [  restartedMain] c.c.backend.CookmateBackendApplication   : No active profile set, falling back to 1 default profile: "default"
2025-11-08T08:57:37.217-06:00  INFO 28436 --- [  restartedMain] .e.DevToolsPropertyDefaultsPostProcessor : Devtools property defaults active! Set 'spring.devtools.add-properties' to 'false' to disable
2025-11-08T08:57:37.217-06:00  INFO 28436 --- [  restartedMain] .e.DevToolsPropertyDefaultsPostProcessor : For additional web related logging consider setting the 'logging.level.web' property to 'DEBUG'
2025-11-08T08:57:37.517-06:00  INFO 28436 --- [  restartedMain] .s.d.r.c.RepositoryConfigurationDelegate : Bootstrapping Spring Data JPA repositories in DEFAULT mode.
2025-11-08T08:57:37.565-06:00  INFO 28436 --- [  restartedMain] .s.d.r.c.RepositoryConfigurationDelegate : Finished Spring Data repository scanning in 45 ms. Found 16 JPA repository interfaces.
2025-11-08T08:57:37.881-06:00  INFO 28436 --- [  restartedMain] o.s.b.w.embedded.tomcat.TomcatWebServer  : Tomcat initialized with port(s): 8080 (http)
2025-11-08T08:57:37.886-06:00  INFO 28436 --- [  restartedMain] o.apache.catalina.core.StandardService   : Starting service [Tomcat]
2025-11-08T08:57:37.886-06:00  INFO 28436 --- [  restartedMain] o.apache.catalina.core.StandardEngine    : Starting Servlet engine: [Apache Tomcat/10.1.15]
2025-11-08T08:57:37.908-06:00  INFO 28436 --- [  restartedMain] o.a.c.c.C.[Tomcat].[localhost].[/]       : Initializing Spring embedded WebApplicationContext
2025-11-08T08:57:37.908-06:00  INFO 28436 --- [  restartedMain] w.s.c.ServletWebServerApplicationContext : Root WebApplicationContext: initialization completed in 690 ms
2025-11-08T08:57:37.975-06:00  INFO 28436 --- [  restartedMain] o.hibernate.jpa.internal.util.LogHelper  : HHH000204: Processing PersistenceUnitInfo [name: default]
2025-11-08T08:57:37.997-06:00  INFO 28436 --- [  restartedMain] org.hibernate.Version                    : HHH000412: Hibernate ORM core version 6.2.13.Final
2025-11-08T08:57:37.998-06:00  INFO 28436 --- [  restartedMain] org.hibernate.cfg.Environment            : HHH000406: Using bytecode reflection optimizer
2025-11-08T08:57:38.100-06:00  INFO 28436 --- [  restartedMain] o.s.o.j.p.SpringPersistenceUnitInfo      : No LoadTimeWeaver setup: ignoring JPA class transformer
2025-11-08T08:57:38.111-06:00  INFO 28436 --- [  restartedMain] com.zaxxer.hikari.HikariDataSource       : HikariPool-1 - Starting...
2025-11-08T08:57:38.262-06:00  INFO 28436 --- [  restartedMain] com.zaxxer.hikari.pool.HikariPool        : HikariPool-1 - Added connection com.mysql.cj.jdbc.ConnectionImpl@11d190ef
2025-11-08T08:57:38.263-06:00  INFO 28436 --- [  restartedMain] com.zaxxer.hikari.HikariDataSource       : HikariPool-1 - Start completed.
2025-11-08T08:57:38.294-06:00  WARN 28436 --- [  restartedMain] org.hibernate.orm.deprecation            : HHH90000025: MySQLDialect does not need to be specified explicitly using 'hibernate.dialect' (remove the property setting and it will be selected by default)
2025-11-08T08:57:38.904-06:00  INFO 28436 --- [  restartedMain] o.h.e.t.j.p.i.JtaPlatformInitiator       : HHH000489: No JTA platform available (set 'hibernate.transaction.jta.platform' to enable JTA platform integration)
2025-11-08T08:57:39.064-06:00  INFO 28436 --- [  restartedMain] j.LocalContainerEntityManagerFactoryBean : Initialized JPA EntityManagerFactory for persistence unit 'default'
2025-11-08T08:57:39.297-06:00 DEBUG 28436 --- [  restartedMain] c.c.b.security.jwt.AuthTokenFilter       : Filter 'authenticationJwtTokenFilter' configured for use
2025-11-08T08:57:39.356-06:00  INFO 28436 --- [  restartedMain] o.s.d.j.r.query.QueryEnhancerFactory     : Hibernate is in classpath; If applicable, HQL parser will be used.
FileStorageService initialized. Upload directory: /Users/apple/Documents/GitHub/cookmate-backend/uploads
2025-11-08T08:57:39.996-06:00  INFO 28436 --- [  restartedMain] o.s.b.a.w.s.WelcomePageHandlerMapping    : Adding welcome page: class path resource [static/index.html]
2025-11-08T08:57:40.124-06:00  INFO 28436 --- [  restartedMain] o.s.s.web.DefaultSecurityFilterChain     : Will secure any request with [org.springframework.security.web.session.DisableEncodeUrlFilter@792816e4, org.springframework.security.web.context.request.async.WebAsyncManagerIntegrationFilter@1501062c, org.springframework.security.web.context.SecurityContextHolderFilter@4daa8582, org.springframework.security.web.header.HeaderWriterFilter@36c3ee15, org.springframework.web.filter.CorsFilter@616b5c2c, org.springframework.security.web.authentication.logout.LogoutFilter@59250f9f, com.cookmate.backend.security.jwt.AuthTokenFilter@272f0578, org.springframework.security.web.savedrequest.RequestCacheAwareFilter@43f73a0e, org.springframework.security.web.servletapi.SecurityContextHolderAwareRequestFilter@4543c4a4, org.springframework.security.web.authentication.AnonymousAuthenticationFilter@68879ea3, org.springframework.security.web.session.SessionManagementFilter@43a58c46, org.springframework.security.web.access.ExceptionTranslationFilter@360c3a4f, org.springframework.security.web.access.intercept.AuthorizationFilter@79901735]
2025-11-08T08:57:40.249-06:00  WARN 28436 --- [  restartedMain] o.s.b.d.a.OptionalLiveReloadServer       : Unable to start LiveReload server
2025-11-08T08:57:40.258-06:00  WARN 28436 --- [  restartedMain] ConfigServletWebServerApplicationContext : Exception encountered during context initialization - cancelling refresh attempt: org.springframework.context.ApplicationContextException: Failed to start bean 'webServerStartStop'
2025-11-08T08:57:40.261-06:00  INFO 28436 --- [  restartedMain] j.LocalContainerEntityManagerFactoryBean : Closing JPA EntityManagerFactory for persistence unit 'default'
2025-11-08T08:57:40.262-06:00  INFO 28436 --- [  restartedMain] com.zaxxer.hikari.HikariDataSource       : HikariPool-1 - Shutdown initiated...
2025-11-08T08:57:40.266-06:00  INFO 28436 --- [  restartedMain] com.zaxxer.hikari.HikariDataSource       : HikariPool-1 - Shutdown completed.
2025-11-08T08:57:40.268-06:00  INFO 28436 --- [  restartedMain] o.apache.catalina.core.StandardService   : Stopping service [Tomcat]
2025-11-08T08:57:40.274-06:00  INFO 28436 --- [  restartedMain] .s.b.a.l.ConditionEvaluationReportLogger : 

Error starting ApplicationContext. To display the condition evaluation report re-run your application with 'debug' enabled.
2025-11-08T08:57:40.283-06:00 ERROR 28436 --- [  restartedMain] o.s.b.d.LoggingFailureAnalysisReporter   : 

***************************
APPLICATION FAILED TO START
***************************

Description:

Web server failed to start. Port 8080 was already in use.

Action:

Identify and stop the process that's listening on port 8080 or configure this application to listen on another port.

[INFO] ------------------------------------------------------------------------
[INFO] BUILD SUCCESS
[INFO] ------------------------------------------------------------------------
[INFO] Total time:  3.987 s
[INFO] Finished at: 2025-11-08T08:57:40-06:00
[INFO] ------------------------------------------------------------------------
